About to go to ts subroutine.
Got to ts subroutine.
 Timestamp in ts subroutine 05/19/2009/09:00:45.
05/19/2009/09:00:45 !!!! STARTING: telnet.pl started on pid 532.
Got to ts subroutine.
05/19/2009/09:00:45 Timestamp in ts subroutine 05/19/2009/09:00:45.
05/19/2009/09:00:45 Closing 172.25.2.245.
05/19/2009/09:00:45 Closing 172.25.2.246.
05/19/2009/09:00:45 Closing 172.25.2.247.
Got to ts subroutine.
05/19/2009/09:00:45 Timestamp in ts subroutine 05/19/2009/09:00:46.
05/19/2009/09:00:46 Closing 172.25.2.245.
05/19/2009/09:00:46 Closing 172.25.2.246.
05/19/2009/09:00:46 Closing 172.25.2.247.
Got to ts subroutine.
05/19/2009/09:00:46 Timestamp in ts subroutine 05/19/2009/09:00:49.
05/19/2009/09:00:49 Closing 172.25.2.245.
05/19/2009/09:00:49 Closing 172.25.2.246.
05/19/2009/09:00:49 Closing 172.25.2.247.
Got to ts subroutine.
05/19/2009/09:00:49 Timestamp in ts subroutine 05/19/2009/09:00:49.
05/19/2009/09:00:49 Closing 172.25.2.245.
05/19/2009/09:00:49 Closing 172.25.2.246.
05/19/2009/09:00:49 Closing 172.25.2.247.
Got to ts subroutine.
05/19/2009/09:00:49 Timestamp in ts subroutine 05/19/2009/09:00:49.
05/19/2009/09:00:49 Closing 172.25.2.245.
05/19/2009/09:00:49 Closing 172.25.2.246.
05/19/2009/09:00:49 Closing 172.25.2.247.
Got to ts subroutine.
05/19/2009/09:00:49 Timestamp in ts subroutine 05/19/2009/09:00:50.
05/19/2009/09:00:50 Closing 172.25.2.245.
05/19/2009/09:00:50 Closing 172.25.2.246.
05/19/2009/09:00:50 Closing 172.25.2.247.
Got to ts subroutine.
05/19/2009/09:00:50 Timestamp in ts subroutine 05/19/2009/09:00:50.
05/19/2009/09:00:50 Closing 172.25.2.245.
05/19/2009/09:00:50 Closing 172.25.2.246.
05/19/2009/09:00:50 Closing 172.25.2.247.
Got to ts subroutine.
05/19/2009/09:00:50 Timestamp in ts subroutine 05/19/2009/09:00:50.
05/19/2009/09:00:50 Closing 172.25.2.245.
05/19/2009/09:00:50 Closing 172.25.2.246.
05/19/2009/09:00:50 Closing 172.25.2.247.
Got to ts subroutine.
05/19/2009/09:00:50 Timestamp in ts subroutine 05/19/2009/09:00:50.
05/19/2009/09:00:50 Closing 172.25.2.245.
05/19/2009/09:00:50 Closing 172.25.2.246.
05/19/2009/09:00:50 Closing 172.25.2.247.
Got to ts subroutine.
05/19/2009/09:00:50 Timestamp in ts subroutine 05/19/2009/09:00:51.
05/19/2009/09:00:51 Closing 172.25.2.245.
05/19/2009/09:00:51 Closing 172.25.2.246.
05/19/2009/09:00:51 Closing 172.25.2.247.
Got to ts subroutine.
05/19/2009/09:00:51 Timestamp in ts subroutine 05/19/2009/09:00:53.
05/19/2009/09:00:53 Closing 172.25.2.245.
05/19/2009/09:00:53 Closing 172.25.2.246.
05/19/2009/09:00:53 Closing 172.25.2.247.
Got to ts subroutine.
05/19/2009/09:00:53 Timestamp in ts subroutine 05/19/2009/09:00:54.
05/19/2009/09:00:54 Closing 172.25.2.245.
05/19/2009/09:00:54 Closing 172.25.2.246.
05/19/2009/09:00:54 Closing 172.25.2.247.
Got to ts subroutine.
05/19/2009/09:00:54 Timestamp in ts subroutine 05/19/2009/09:00:54.
05/19/2009/09:00:54 Closing 172.25.2.245.
05/19/2009/09:00:54 Closing 172.25.2.246.
05/19/2009/09:00:54 Closing 172.25.2.247.
Got to ts subroutine.
05/19/2009/09:00:54 Timestamp in ts subroutine 05/19/2009/09:00:54.
05/19/2009/09:00:54 Closing 172.25.2.245.
05/19/2009/09:00:54 Closing 172.25.2.246.
05/19/2009/09:00:54 Closing 172.25.2.247.
Got to ts subroutine.
05/19/2009/09:00:54 Timestamp in ts subroutine 05/19/2009/09:00:54.
05/19/2009/09:00:54 Closing 172.25.2.245.
05/19/2009/09:00:54 Closing 172.25.2.246.
05/19/2009/09:00:54 Closing 172.25.2.247.
Got to ts subroutine.
05/19/2009/09:00:54 Timestamp in ts subroutine 05/19/2009/09:00:54.
05/19/2009/09:00:54 Closing 172.25.2.245.
05/19/2009/09:00:54 Closing 172.25.2.246.
05/19/2009/09:00:54 Closing 172.25.2.247.
Got to ts subroutine.
05/19/2009/09:00:54 Timestamp in ts subroutine 05/19/2009/09:00:54.
05/19/2009/09:00:54 Closing 172.25.2.245.
05/19/2009/09:00:54 Closing 172.25.2.246.
05/19/2009/09:00:54 Closing 172.25.2.247.
Got to ts subroutine.
05/19/2009/09:00:54 Timestamp in ts subroutine 05/19/2009/09:00:54.
05/19/2009/09:00:54 Closing 172.25.2.245.
05/19/2009/09:00:54 Closing 172.25.2.246.
05/19/2009/09:00:54 Closing 172.25.2.247.
Got to ts subroutine.
05/19/2009/09:00:54 Timestamp in ts subroutine 05/19/2009/09:00:54.
05/19/2009/09:00:54 Closing 172.25.2.245.
05/19/2009/09:00:54 Closing 172.25.2.246.
05/19/2009/09:00:54 Closing 172.25.2.247.
Got to ts subroutine.
05/19/2009/09:00:54 Timestamp in ts subroutine 05/19/2009/09:00:54.
05/19/2009/09:00:54 Closing 172.25.2.245.
05/19/2009/09:00:54 Closing 172.25.2.246.
05/19/2009/09:00:54 Closing 172.25.2.247.
Got to ts subroutine.
05/19/2009/09:00:54 Timestamp in ts subroutine 05/19/2009/09:00:54.
05/19/2009/09:00:54 Closing 172.25.2.245.
05/19/2009/09:00:54 Closing 172.25.2.246.
05/19/2009/09:00:54 Closing 172.25.2.247.
Got to ts subroutine.
05/19/2009/09:00:54 Timestamp in ts subroutine 05/19/2009/09:00:54.
05/19/2009/09:00:54 Closing 172.25.2.245.
05/19/2009/09:00:54 Closing 172.25.2.246.
05/19/2009/09:00:54 Closing 172.25.2.247.
About to go to ts subroutine.
Got to ts subroutine.
 Timestamp in ts subroutine 05/19/2009/12:26:51.
05/19/2009/12:26:51 !!!! STARTING: telnet.pl started on pid 7796.
Got to ts subroutine.
05/19/2009/12:26:51 Timestamp in ts subroutine 05/19/2009/12:26:51.
05/19/2009/12:26:51 Closing 172.25.2.245.
05/19/2009/12:26:51 Closing 172.25.2.246.
05/19/2009/12:26:51 Closing 172.25.2.247.
Got to ts subroutine.
05/19/2009/12:26:51 Timestamp in ts subroutine 05/19/2009/12:28:51.
05/19/2009/12:28:51 Closing 172.25.2.245.
05/19/2009/12:28:51 Closing 172.25.2.246.
05/19/2009/12:28:51 Closing 172.25.2.247.
Got to ts subroutine.
05/19/2009/12:28:51 Timestamp in ts subroutine 05/19/2009/12:30:51.
05/19/2009/12:30:51 Closing 172.25.2.245.
05/19/2009/12:30:51 Closing 172.25.2.246.
05/19/2009/12:30:51 Closing 172.25.2.247.
Got to ts subroutine.
05/19/2009/12:30:51 Timestamp in ts subroutine 05/19/2009/12:32:51.
05/19/2009/12:32:51 Closing 172.25.2.245.
05/19/2009/12:32:51 Closing 172.25.2.246.
05/19/2009/12:32:51 Closing 172.25.2.247.
Got to ts subroutine.
05/19/2009/12:32:51 Timestamp in ts subroutine 05/19/2009/12:34:51.
05/19/2009/12:34:51 Closing 172.25.2.245.
05/19/2009/12:34:51 Closing 172.25.2.246.
05/19/2009/12:34:51 Closing 172.25.2.247.
Got to ts subroutine.
05/19/2009/12:34:51 Timestamp in ts subroutine 05/19/2009/12:36:51.
05/19/2009/12:36:51 Closing 172.25.2.245.
05/19/2009/12:36:51 Closing 172.25.2.246.
05/19/2009/12:36:51 Closing 172.25.2.247.
Got to ts subroutine.
05/19/2009/12:36:51 Timestamp in ts subroutine 05/19/2009/12:38:51.
05/19/2009/12:38:51 Closing 172.25.2.245.
05/19/2009/12:38:51 Closing 172.25.2.246.
05/19/2009/12:38:51 Closing 172.25.2.247.
Got to ts subroutine.
05/19/2009/12:38:51 Timestamp in ts subroutine 05/19/2009/12:40:51.
05/19/2009/12:40:51 Closing 172.25.2.245.
05/19/2009/12:40:51 Closing 172.25.2.246.
05/19/2009/12:40:51 Closing 172.25.2.247.
Got to ts subroutine.
05/19/2009/12:40:51 Timestamp in ts subroutine 05/19/2009/12:42:51.
05/19/2009/12:42:51 Closing 172.25.2.245.
05/19/2009/12:42:51 Closing 172.25.2.246.
05/19/2009/12:42:51 Closing 172.25.2.247.
Got to ts subroutine.
05/19/2009/12:42:51 Timestamp in ts subroutine 05/19/2009/12:44:51.
05/19/2009/12:44:51 Closing 172.25.2.245.
05/19/2009/12:44:51 Closing 172.25.2.246.
05/19/2009/12:44:51 Closing 172.25.2.247.
Got to ts subroutine.
05/19/2009/12:44:51 Timestamp in ts subroutine 05/19/2009/12:46:51.
05/19/2009/12:46:51 Closing 172.25.2.245.
05/19/2009/12:46:51 Closing 172.25.2.246.
05/19/2009/12:46:51 Closing 172.25.2.247.
Got to ts subroutine.
05/19/2009/12:46:51 Timestamp in ts subroutine 05/19/2009/12:48:51.
05/19/2009/12:48:51 Closing 172.25.2.245.
05/19/2009/12:48:51 Closing 172.25.2.246.
05/19/2009/12:48:51 Closing 172.25.2.247.
Got to ts subroutine.
05/19/2009/12:48:51 Timestamp in ts subroutine 05/19/2009/12:50:51.
05/19/2009/12:50:51 Closing 172.25.2.245.
05/19/2009/12:50:51 Closing 172.25.2.246.
05/19/2009/12:50:51 Closing 172.25.2.247.
