Closing
Closing
Closing
Closing 172.25.2.245.
Closing 172.25.2.246.
04/15/2009/10:44:46  172.25.2.247 connection failed!
04/15/2009/11:17:51  Closing 172.25.2.245.
04/15/2009/11:17:51  Closing 172.25.2.246.
04/15/2009/11:33:39  Closing 172.25.2.245.
04/15/2009/11:33:39  Closing 172.25.2.246.
04/15/2009/12:35:50  Closing 172.25.2.245.
04/15/2009/12:35:50  Closing 172.25.2.246.
04/15/2009/12:59:48  Closing 172.25.2.245.
04/15/2009/12:59:48  Closing 172.25.2.246.
04/15/2009/12:59:48  172.25.2.247 connection failed!
04/15/2009/13:00:01  Closing 172.25.2.245.
04/15/2009/13:00:01  Closing 172.25.2.246.
04/15/2009/16:39:03  172.25.2.246 connection failed!
04/15/2009/16:42:20  Could not connect to 172.25.2.246
About to go to ts subroutine.
Got to ts subroutine.
 Timestamp in ts subroutine 04/16/2009/14:46:52.
04/16/2009/14:46:52 !!!! STARTING: telnet.pl started on pid 4537.
Got to ts subroutine.
04/16/2009/14:46:52 Timestamp in ts subroutine 04/16/2009/14:46:52.
04/16/2009/14:46:52 Closing 172.25.2.245.
04/16/2009/14:46:52 Closing 172.25.2.246.
04/16/2009/14:46:52 Closing 172.25.2.247.
About to go to ts subroutine.
Got to ts subroutine.
 Timestamp in ts subroutine 04/16/2009/15:16:28.
04/16/2009/15:16:28 !!!! STARTING: telnet.pl started on pid 4881.
Got to ts subroutine.
04/16/2009/15:16:28 Timestamp in ts subroutine 04/16/2009/15:16:28.
04/16/2009/15:16:28 Closing 172.25.2.245.
04/16/2009/15:16:28 Closing 172.25.2.246.
04/16/2009/15:16:28 Closing 172.25.2.247.
Got to ts subroutine.
04/16/2009/15:16:28 Timestamp in ts subroutine 04/16/2009/15:18:28.
04/16/2009/15:18:28 Closing 172.25.2.245.
04/16/2009/15:18:28 Closing 172.25.2.246.
04/16/2009/15:18:28 Closing 172.25.2.247.
Got to ts subroutine.
04/16/2009/15:18:28 Timestamp in ts subroutine 04/16/2009/15:18:52.
04/16/2009/15:18:52 Closing 172.25.2.245.
04/16/2009/15:18:52 Closing 172.25.2.246.
04/16/2009/15:18:52 Closing 172.25.2.247.
Got to ts subroutine.
04/16/2009/15:18:52 Timestamp in ts subroutine 04/16/2009/15:20:52.
04/16/2009/15:20:52 Closing 172.25.2.245.
04/16/2009/15:20:52 Closing 172.25.2.246.
04/16/2009/15:20:52 Closing 172.25.2.247.
Got to ts subroutine.
04/16/2009/15:20:52 Timestamp in ts subroutine 04/16/2009/15:21:08.
04/16/2009/15:21:08 Closing 172.25.2.245.
04/16/2009/15:21:08 Closing 172.25.2.246.
04/16/2009/15:21:08 Closing 172.25.2.247.
Got to ts subroutine.
04/16/2009/15:21:08 Timestamp in ts subroutine 04/16/2009/15:21:09.
04/16/2009/15:21:09 Closing 172.25.2.245.
04/16/2009/15:21:09 Closing 172.25.2.246.
04/16/2009/15:21:09 Closing 172.25.2.247.
Got to ts subroutine.
04/16/2009/15:21:09 Timestamp in ts subroutine 04/16/2009/15:21:09.
04/16/2009/15:21:09 Closing 172.25.2.245.
04/16/2009/15:21:09 Closing 172.25.2.246.
04/16/2009/15:21:09 Closing 172.25.2.247.
Got to ts subroutine.
04/16/2009/15:21:09 Timestamp in ts subroutine 04/16/2009/15:21:09.
04/16/2009/15:21:09 Closing 172.25.2.245.
04/16/2009/15:21:09 Closing 172.25.2.246.
04/16/2009/15:21:09 Closing 172.25.2.247.
